[    0.000000] Initializing cgroup subsys cpuset
[    0.000000] Initializing cgroup subsys cpu
[    0.000000] Initializing cgroup subsys cpuacct
[    0.000000] Linux version 4.4.0-178-generic (buildd@lgw01-amd64-017) (gcc version 5.4.0 20160609 (Ubuntu 5.4.0-6ubuntu1~16.04.12) ) #208-Ubuntu SMP Sun Apr 5 23:45:10 UTC 2020 (Ubuntu 4.4.0-178.208-generic 4.4.217)
[    0.000000] Command line: BOOT_IMAGE=/boot/vmlinuz-4.4.0-178-generic root=LABEL=cloudimg-rootfs ro console=tty1 console=ttyS0
[    0.000000] KERNEL supported cpus:
[    0.000000]   Intel GenuineIntel
[    0.000000]   AMD AuthenticAMD
[    0.000000]   Centaur CentaurHauls
[    0.000000] x86/fpu: xstate_offset[2]:  576, xstate_sizes[2]:  256
[    0.000000] x86/fpu: Supporting XSAVE feature 0x01: 'x87 floating point registers'
[    0.000000] x86/fpu: Supporting XSAVE feature 0x02: 'SSE registers'
[    0.000000] x86/fpu: Supporting XSAVE feature 0x04: 'AVX registers'
[    0.000000] x86/fpu: Enabled xstate features 0x7, context size is 832 bytes, using 'standard' format.
[    0.000000] e820: BIOS-provided physical RAM map:
[    0.000000] BIOS-e820: [mem 0x0000000000000000-0x000000000009fbff] usable
[    0.000000] BIOS-e820: [mem 0x000000000009fc00-0x000000000009ffff] reserved
[    0.000000] BIOS-e820: [mem 0x00000000000f0000-0x00000000000fffff] reserved
[    0.000000] BIOS-e820: [mem 0x0000000000100000-0x000000005ffeffff] usable
[    0.000000] BIOS-e820: [mem 0x000000005fff0000-0x000000005fffffff] ACPI data
[    0.000000] BIOS-e820: [mem 0x00000000fec00000-0x00000000fec00fff] reserved
[    0.000000] BIOS-e820: [mem 0x00000000fee00000-0x00000000fee00fff] reserved
[    0.000000] BIOS-e820: [mem 0x00000000fffc0000-0x00000000ffffffff] reserved
[    0.000000] NX (Execute Disable) protection: active
[    0.000000] SMBIOS 2.5 present.
[    0.000000] Hypervisor detected: KVM
[    0.000000] e820: last_pfn = 0x5fff0 max_arch_pfn = 0x400000000
[    0.000000] MTRR: Disabled
[    0.000000] x86/PAT: MTRRs disabled, skipping PAT initialization too.
[    0.000000] CPU MTRRs all blank - virtualized system.
[    0.000000] x86/PAT: Configuration [0-7]: WB  WT  UC- UC  WB  WT  UC- UC  
[    0.000000] found SMP MP-table at [mem 0x0009fff0-0x0009ffff] mapped at [ffff88000009fff0]
[    0.000000] Scanning 1 areas for low memory corruption
[    0.000000] RAMDISK: [mem 0x362e0000-0x37167fff]
[    0.000000] ACPI: Early table checksum verification disabled
[    0.000000] ACPI: RSDP 0x00000000000E0000 000024 (v02 VBOX  )
[    0.000000] ACPI: XSDT 0x000000005FFF0030 00003C (v01 VBOX   VBOXXSDT 00000001 ASL  00000061)
[    0.000000] ACPI: FACP 0x000000005FFF00F0 0000F4 (v04 VBOX   VBOXFACP 00000001 ASL  00000061)
[    0.000000] ACPI: DSDT 0x000000005FFF0470 002325 (v02 VBOX   VBOXBIOS 00000002 INTL 20100528)
[    0.000000] ACPI: FACS 0x000000005FFF0200 000040
[    0.000000] ACPI: FACS 0x000000005FFF0200 000040
[    0.000000] ACPI: APIC 0x000000005FFF0240 00005C (v02 VBOX   VBOXAPIC 00000001 ASL  00000061)
[    0.000000] ACPI: SSDT 0x000000005FFF02A0 0001CC (v01 VBOX   VBOXCPUT 00000002 INTL 20100528)
[    0.000000] No NUMA configuration found
[    0.000000] Faking a node at [mem 0x0000000000000000-0x000000005ffeffff]
[    0.000000] NODE_DATA(0) allocated [mem 0x5ffeb000-0x5ffeffff]
[    0.000000] kvm-clock: Using msrs 4b564d01 and 4b564d00
[    0.000000] kvm-clock: cpu 0, msr 0:5ffe3001, primary cpu clock
[    0.000000] kvm-clock: using sched offset of 3689773989 cycles
[    0.000000] clocksource: kvm-clock: mask: 0xffffffffffffffff max_cycles: 0x1cd42e4dffb, max_idle_ns: 881590591483 ns
[    0.000000] Zone ranges:
[    0.000000]   DMA      [mem 0x0000000000001000-0x0000000000ffffff]
[    0.000000]   DMA32    [mem 0x0000000001000000-0x000000005ffeffff]
[    0.000000]   Normal   empty
[    0.000000]   Device   empty
[    0.000000] Movable zone start for each node
[    0.000000] Early memory node ranges
[    0.000000]   node   0: [mem 0x0000000000001000-0x000000000009efff]
[    0.000000]   node   0: [mem 0x0000000000100000-0x000000005ffeffff]
[    0.000000] Initmem setup node 0 [mem 0x0000000000001000-0x000000005ffeffff]
[    0.000000] ACPI: PM-Timer IO Port: 0x4008
[    0.000000] IOAPIC[0]: apic_id 2, version 32, address 0xfec00000, GSI 0-23
[    0.000000] ACPI: INT_SRC_OVR (bus 0 bus_irq 0 global_irq 2 dfl dfl)
[    0.000000] ACPI: INT_SRC_OVR (bus 0 bus_irq 9 global_irq 9 low level)
[    0.000000] Using ACPI (MADT) for SMP configuration information
[    0.000000] smpboot: Allowing 2 CPUs, 0 hotplug CPUs
[    0.000000] PM: Registered nosave memory: [mem 0x00000000-0x00000fff]
[    0.000000] PM: Registered nosave memory: [mem 0x0009f000-0x0009ffff]
[    0.000000] PM: Registered nosave memory: [mem 0x000a0000-0x000effff]
[    0.000000] PM: Registered nosave memory: [mem 0x000f0000-0x000fffff]
[    0.000000] e820: [mem 0x60000000-0xfebfffff] available for PCI devices
[    0.000000] Booting paravirtualized kernel on KVM
[    0.000000] clocksource: refined-jiffies: mask: 0xffffffff max_cycles: 0xffffffff, max_idle_ns: 7645519600211568 ns
[    0.000000] setup_percpu: NR_CPUS:512 nr_cpumask_bits:512 nr_cpu_ids:2 nr_node_ids:1
[    0.000000] PERCPU: Embedded 33 pages/cpu @ffff88005fc00000 s95448 r8192 d31528 u1048576
[    0.000000] Built 1 zonelists in Node order, mobility grouping on.  Total pages: 386936
[    0.000000] Policy zone: DMA32
[    0.000000] Kernel command line: BOOT_IMAGE=/boot/vmlinuz-4.4.0-178-generic root=LABEL=cloudimg-rootfs ro console=tty1 console=ttyS0
[    0.000000] PID hash table entries: 4096 (order: 3, 32768 bytes)
[    0.000000] Memory: 1513768K/1572408K available (8626K kernel code, 1336K rwdata, 4036K rodata, 1488K init, 1292K bss, 58640K reserved, 0K cma-reserved)
[    0.000000] SLUB: HWalign=64, Order=0-3, MinObjects=0, CPUs=2, Nodes=1
[    0.000000] Kernel/User page tables isolation: enabled
[    0.000000] Hierarchical RCU implementation.
[    0.000000] 	Build-time adjustment of leaf fanout to 64.
[    0.000000] 	RCU restricting CPUs from NR_CPUS=512 to nr_cpu_ids=2.
[    0.000000] RCU: Adjusting geometry for rcu_fanout_leaf=64, nr_cpu_ids=2
[    0.000000] NR_IRQS:33024 nr_irqs:440 16
[    0.000000] Console: colour VGA+ 80x25
[    0.000000] console [tty1] enabled
[    0.000000] console [ttyS0] enabled
[    0.000000] tsc: Detected 2699.998 MHz processor
[    0.176449] Calibrating delay loop (skipped) preset value.. 5399.99 BogoMIPS (lpj=10799992)
[    0.179285] pid_max: default: 32768 minimum: 301
[    0.180331] ACPI: Core revision 20150930
[    0.182019] ACPI: 2 ACPI AML tables successfully acquired and loaded
[    0.183449] Security Framework initialized
[    0.184365] Yama: becoming mindful.
[    0.186033] AppArmor: AppArmor initialized
[    0.189815] Dentry cache hash table entries: 262144 (order: 9, 2097152 bytes)
[    0.191621] Inode-cache hash table entries: 131072 (order: 8, 1048576 bytes)
[    0.195747] Mount-cache hash table entries: 4096 (order: 3, 32768 bytes)
[    0.197661] Mountpoint-cache hash table entries: 4096 (order: 3, 32768 bytes)
[    0.199378] Initializing cgroup subsys io
[    0.200483] Initializing cgroup subsys memory
[    0.201541] Initializing cgroup subsys devices
[    0.202845] Initializing cgroup subsys freezer
[    0.204177] Initializing cgroup subsys net_cls
[    0.205528] Initializing cgroup subsys perf_event
[    0.206542] Initializing cgroup subsys net_prio
[    0.207525] Initializing cgroup subsys hugetlb
[    0.208604] Initializing cgroup subsys pids
[    0.210838] mce: CPU supports 0 MCE banks
[    0.212075] Last level iTLB entries: 4KB 64, 2MB 8, 4MB 8
[    0.213598] Last level dTLB entries: 4KB 64, 2MB 0, 4MB 0, 1GB 4
[    0.215258] Spectre V1 : Mitigation: usercopy/swapgs barriers and __user pointer sanitization
[    0.217327] Spectre V2 : Mitigation: Full generic retpoline
[    0.218595] Spectre V2 : Spectre v2 / SpectreRSB mitigation: Filling RSB on context switch
[    0.220426] Speculative Store Bypass: Vulnerable
[    0.221487] MDS: Mitigation: Clear CPU buffers
[    0.225177] Freeing SMP alternatives memory: 36K
[    0.232983] ftrace: allocating 32308 entries in 127 pages
[    0.293214] smpboot: APIC(0) Converting physical 0 to logical package 0
[    0.295067] smpboot: Max logical packages: 1
[    0.296458] x2apic enabled
[    0.297476] Switched APIC routing to physical x2apic.
[    0.299604] ..TIMER: vector=0x30 apic1=0 pin1=2 apic2=-1 pin2=-1
[    0.409059] smpboot: CPU0: Intel(R) Core(TM) i5-5257U CPU @ 2.70GHz (family: 0x6, model: 0x3d, stepping: 0x4)
[    0.412186] Performance Events: unsupported p6 CPU model 61 no PMU driver, software events only.
[    0.425532] KVM setup paravirtual spinlock
[    0.429227] x86: Booting SMP configuration:
[    0.430490] .... node  #0, CPUs:      #1
[    0.431555] kvm-clock: cpu 1, msr 0:5ffe3041, secondary cpu clock
[    0.434676] mce: CPU supports 0 MCE banks
[    0.437722] x86: Booted up 1 node, 2 CPUs
[    0.438877] smpboot: Total of 2 processors activated (10799.99 BogoMIPS)
[    0.440897] devtmpfs: initialized
[    0.442827] evm: security.selinux
[    0.444098] evm: security.SMACK64
[    0.445138] evm: security.SMACK64EXEC
[    0.446422] evm: security.SMACK64TRANSMUTE
[    0.447727] evm: security.SMACK64MMAP
[    0.448888] evm: security.ima
[    0.449684] evm: security.capability
[    0.450802] clocksource: jiffies: mask: 0xffffffff max_cycles: 0xffffffff, max_idle_ns: 7645041785100000 ns
[    0.454076] futex hash table entries: 512 (order: 3, 32768 bytes)
[    0.455809] pinctrl core: initialized pinctrl subsystem
[    0.457474] RTC time:  7:01:16, date: 05/24/20
[    0.458652] NET: Registered protocol family 16
[    0.469158] cpuidle: using governor ladder
[    0.481652] cpuidle: using governor menu
[    0.483604] PCCT header not found.
[    0.484659] ACPI: bus type PCI registered
[    0.486368] acpiphp: ACPI Hot Plug PCI Controller Driver version: 0.5
[    0.487967] PCI: Using configuration type 1 for base access
[    0.502210] ACPI: Added _OSI(Module Device)
[    0.503233] ACPI: Added _OSI(Processor Device)
[    0.504219] ACPI: Added _OSI(3.0 _SCP Extensions)
[    0.505348] ACPI: Added _OSI(Processor Aggregator Device)
[    0.507628] ACPI: Executed 1 blocks of module-level executable AML code
[    0.511263] ACPI: Interpreter enabled
[    0.512119] ACPI: (supports S0 S5)
[    0.513007] ACPI: Using IOAPIC for interrupt routing
[    0.514447] PCI: Using host bridge windows from ACPI; if necessary, use "pci=nocrs" and report a bug
[    0.521622] ACPI: PCI Root Bridge [PCI0] (domain 0000 [bus 00-ff])
[    0.522977] acpi PNP0A03:00: _OSC: OS supports [ASPM ClockPM Segments MSI]
[    0.524618] acpi PNP0A03:00: _OSC: not requesting OS control; OS requires [ExtendedConfig ASPM ClockPM MSI]
[    0.527003] acpi PNP0A03:00: fail to add MMCONFIG information, can't access extended PCI configuration space under this bridge.
[    0.530634] PCI host bridge to bus 0000:00
[    0.531563] pci_bus 0000:00: root bus resource [io  0x0000-0x0cf7 window]
[    0.533022] pci_bus 0000:00: root bus resource [io  0x0d00-0xffff window]
[    0.534903] pci_bus 0000:00: root bus resource [mem 0x000a0000-0x000bffff window]
[    0.536833] pci_bus 0000:00: root bus resource [mem 0x60000000-0xfdffffff window]
[    0.538589] pci_bus 0000:00: root bus resource [bus 00-ff]
[    0.541938] pci 0000:00:01.1: legacy IDE quirk: reg 0x10: [io  0x01f0-0x01f7]
[    0.543633] pci 0000:00:01.1: legacy IDE quirk: reg 0x14: [io  0x03f6]
[    0.545063] pci 0000:00:01.1: legacy IDE quirk: reg 0x18: [io  0x0170-0x0177]
[    0.546655] pci 0000:00:01.1: legacy IDE quirk: reg 0x1c: [io  0x0376]
[    0.583258] pci 0000:00:07.0: quirk: [io  0x4000-0x403f] claimed by PIIX4 ACPI
[    0.585205] pci 0000:00:07.0: quirk: [io  0x4100-0x410f] claimed by PIIX4 SMB
[    0.604062] ACPI: PCI Interrupt Link [LNKA] (IRQs 5 9 10 *11)
[    0.606041] ACPI: PCI Interrupt Link [LNKB] (IRQs 5 9 *10 11)
[    0.607768] ACPI: PCI Interrupt Link [LNKC] (IRQs 5 *9 10 11)
[    0.609410] ACPI: PCI Interrupt Link [LNKD] (IRQs 5 9 10 *11)
[    0.611068] ACPI: Enabled 2 GPEs in block 00 to 07
[    0.612682] vgaarb: setting as boot device: PCI:0000:00:02.0
[    0.613858] vgaarb: device added: PCI:0000:00:02.0,decodes=io+mem,owns=io+mem,locks=none
[    0.615637] vgaarb: loaded
[    0.616371] vgaarb: bridge control possible 0000:00:02.0
[    0.617735] SCSI subsystem initialized
[    0.618835] ACPI: bus type USB registered
[    0.619766] usbcore: registered new interface driver usbfs
[    0.620931] usbcore: registered new interface driver hub
[    0.622101] usbcore: registered new device driver usb
[    0.623590] PCI: Using ACPI for IRQ routing
[    0.624933] NetLabel: Initializing
[    0.625789] NetLabel:  domain hash size = 128
[    0.626745] NetLabel:  protocols = UNLABELED CIPSOv4
[    0.628240] NetLabel:  unlabeled traffic allowed by default
[    0.629611] amd_nb: Cannot enumerate AMD northbridges
[    0.630906] clocksource: Switched to clocksource kvm-clock
[    0.640849] AppArmor: AppArmor Filesystem Enabled
[    0.641964] pnp: PnP ACPI init
[    0.644175] pnp: PnP ACPI: found 3 devices
[    0.657567] clocksource: acpi_pm: mask: 0xffffff max_cycles: 0xffffff, max_idle_ns: 2085701024 ns
[    0.659535] NET: Registered protocol family 2
[    0.660971] TCP established hash table entries: 16384 (order: 5, 131072 bytes)
[    0.663269] TCP bind hash table entries: 16384 (order: 6, 262144 bytes)
[    0.664769] TCP: Hash tables configured (established 16384 bind 16384)
[    0.666185] UDP hash table entries: 1024 (order: 3, 32768 bytes)
[    0.667479] UDP-Lite hash table entries: 1024 (order: 3, 32768 bytes)
[    0.668859] NET: Registered protocol family 1
[    0.669833] pci 0000:00:00.0: Limiting direct PCI/PCI transfers
[    0.671092] pci 0000:00:01.0: Activating ISA DMA hang workarounds
[    0.672701] Unpacking initramfs...
[    0.952919] Freeing initrd memory: 14880K
[    0.954813] RAPL PMU detected, API unit is 2^-32 Joules, 4 fixed counters 10737418240 ms ovfl timer
[    0.957231] hw unit of domain pp0-core 2^-0 Joules
[    0.958301] hw unit of domain package 2^-0 Joules
[    0.959785] hw unit of domain dram 2^-0 Joules
[    0.961296] hw unit of domain pp1-gpu 2^-0 Joules
[    0.963176] clocksource: tsc: mask: 0xffffffffffffffff max_cycles: 0x26eb3cc21a9, max_idle_ns: 440795299783 ns
[    0.966301] platform rtc_cmos: registered platform RTC device (no PNP device found)
[    0.968181] Scanning for low memory corruption every 60 seconds
[    0.969944] audit: initializing netlink subsys (disabled)
[    0.971556] audit: type=2000 audit(1590303682.032:1): initialized
[    0.973240] Initialise system trusted keyring
[    0.975290] HugeTLB registered 2 MB page size, pre-allocated 0 pages
[    0.979030] zbud: loaded
[    0.980492] VFS: Disk quotas dquot_6.6.0
[    0.982027] VFS: Dquot-cache hash table entries: 512 (order 0, 4096 bytes)
[    0.986067] squashfs: version 4.0 (2009/01/31) Phillip Lougher
[    0.989452] fuse init (API version 7.23)
[    0.991660] Key type big_key registered
[    0.993468] Allocating IMA MOK and blacklist keyrings.
[    0.998692] Key type asymmetric registered
[    1.000820] Asymmetric key parser 'x509' registered
[    1.003949] Block layer SCSI generic (bsg) driver version 0.4 loaded (major 249)
[    1.007485] io scheduler noop registered
[    1.009251] io scheduler deadline registered (default)
[    1.011595] io scheduler cfq registered
[    1.013536] pci_hotplug: PCI Hot Plug PCI Core version: 0.5
[    1.015978] pciehp: PCI Express Hot Plug Controller Driver version: 0.4
[    1.019571] ACPI: AC Adapter [AC] (off-line)
[    1.021331] input: Power Button as /devices/LNXSYSTM:00/LNXPWRBN:00/input/input0
[    1.024362] ACPI: Power Button [PWRF]
[    1.026486] input: Sleep Button as /devices/LNXSYSTM:00/LNXSLPBN:00/input/input1
[    1.030673] ACPI: Sleep Button [SLPF]
[    1.032971] GHES: HEST is not enabled!
[    1.036400] ACPI: Battery Slot [BAT0] (battery present)
[    1.038723] Serial: 8250/16550 driver, 32 ports, IRQ sharing enabled
[    1.063025] 00:02: ttyS0 at I/O 0x3f8 (irq = 4, base_baud = 115200) is a 16550A
[    1.077193] Linux agpgart interface v0.103
[    1.082303] loop: module loaded
[    1.083804] scsi host0: ata_piix
[    1.084860] scsi host1: ata_piix
[    1.085789] ata1: PATA max UDMA/33 cmd 0x1f0 ctl 0x3f6 bmdma 0xd000 irq 14
[    1.087273] ata2: PATA max UDMA/33 cmd 0x170 ctl 0x376 bmdma 0xd008 irq 15
[    1.089073] libphy: Fixed MDIO Bus: probed
[    1.090028] tun: Universal TUN/TAP device driver, 1.6
[    1.091179] tun: (C) 1999-2004 Max Krasnyansky <maxk@qualcomm.com>
[    1.092555] PPP generic driver version 2.4.2
[    1.093648] ehci_hcd: USB 2.0 'Enhanced' Host Controller (EHCI) Driver
[    1.097060] ehci-pci: EHCI PCI platform driver
[    1.098993] ehci-platform: EHCI generic platform driver
[    1.100579] ohci_hcd: USB 1.1 'Open' Host Controller (OHCI) Driver
[    1.101833] ohci-pci: OHCI PCI platform driver
[    1.102805] ohci-platform: OHCI generic platform driver
[    1.103959] uhci_hcd: USB Universal Host Controller Interface driver
[    1.105486] i8042: PNP: PS/2 Controller [PNP0303:PS2K,PNP0f03:PS2M] at 0x60,0x64 irq 1,12
[    1.107957] serio: i8042 KBD port at 0x60,0x64 irq 1
[    1.109118] serio: i8042 AUX port at 0x60,0x64 irq 12
[    1.110675] mousedev: PS/2 mouse device common for all mice
[    1.112367] input: AT Translated Set 2 keyboard as /devices/platform/i8042/serio0/input/input2
[    1.115329] rtc_cmos rtc_cmos: rtc core: registered rtc_cmos as rtc0
[    1.117041] rtc_cmos rtc_cmos: alarms up to one day, 114 bytes nvram
[    1.118335] i2c /dev entries driver
[    1.119546] device-mapper: uevent: version 1.0.3
[    1.120662] device-mapper: ioctl: 4.34.0-ioctl (2015-10-28) initialised: dm-devel@redhat.com
[    1.122478] ledtrig-cpu: registered to indicate activity on CPUs
[    1.124678] NET: Registered protocol family 10
[    1.125906] NET: Registered protocol family 17
[    1.126894] Key type dns_resolver registered
[    1.129008] registered taskstats version 1
[    1.129957] Loading compiled-in X.509 certificates
[    1.131599] Loaded X.509 cert 'Build time autogenerated kernel key: f33c437cc9123d9712070bdfe932b55b24c56047'
[    1.133751] zswap: loaded using pool lzo/zbud
[    1.136955] Key type trusted registered
[    1.141632] Key type encrypted registered
[    1.142564] AppArmor: AppArmor sha1 policy hashing enabled
[    1.143742] ima: No TPM chip found, activating TPM-bypass!
[    1.145149] ima: Allocated hash algorithm: sha1
[    1.146428] evm: HMAC attrs: 0x1
[    1.147675]   Magic number: 4:499:16
[    1.148737] rtc_cmos rtc_cmos: setting system clock to 2020-05-24 07:01:16 UTC (1590303676)
[    1.150691] BIOS EDD facility v0.16 2004-Jun-25, 0 devices found
[    1.152015] EDD information not available.
[    1.268100] Freeing unused kernel memory: 1488K
[    1.269134] Write protecting the kernel read-only data: 14336k
[    1.270841] Freeing unused kernel memory: 1604K
[    1.272365] Freeing unused kernel memory: 60K
Loading, please wait...
starting version 229
[    1.287681] random: systemd-udevd: uninitialized urandom read (16 bytes read, 3 bits of entropy available)
[    1.288627] random: udevadm: uninitialized urandom read (16 bytes read, 3 bits of entropy available)
[    1.288656] random: udevadm: uninitialized urandom read (16 bytes read, 3 bits of entropy available)
[    1.294678] random: systemd-udevd: uninitialized urandom read (16 bytes read, 3 bits of entropy available)
[    1.297636] random: systemd-udevd: uninitialized urandom read (16 bytes read, 3 bits of entropy available)
[    1.298825] random: udevadm: uninitialized urandom read (16 bytes read, 3 bits of entropy available)
[    1.298891] random: udevadm: uninitialized urandom read (16 bytes read, 3 bits of entropy available)
[    1.299169] random: udevadm: uninitialized urandom read (16 bytes read, 3 bits of entropy available)
[    1.299247] random: udevadm: uninitialized urandom read (16 bytes read, 3 bits of entropy available)
[    1.299323] random: udevadm: uninitialized urandom read (16 bytes read, 3 bits of entropy available)
[    1.351865] Fusion MPT base driver 3.04.20
[    1.353514] Copyright (c) 1999-2008 LSI Corporation
[    1.356810] e1000: Intel(R) PRO/1000 Network Driver - version 7.3.21-k8-NAPI
[    1.359555] e1000: Copyright (c) 1999-2006 Intel Corporation.
[    1.620712] input: ImExPS/2 Generic Explorer Mouse as /devices/platform/i8042/serio1/input/input4
[    1.814209] AVX2 version of gcm_enc/dec engaged.
[    1.821976] AES CTR mode by8 optimization enabled
[    1.830922] Fusion MPT SPI Host driver 3.04.20
[    2.350717] e1000 0000:00:03.0 eth0: (PCI:33MHz:32-bit) 02:bc:94:f1:bf:de
[    2.353012] e1000 0000:00:03.0 eth0: Intel(R) PRO/1000 Network Connection
[    2.875837] e1000 0000:00:08.0 eth1: (PCI:33MHz:32-bit) 08:00:27:54:36:0a
[    2.878026] e1000 0000:00:08.0 eth1: Intel(R) PRO/1000 Network Connection
[    2.881630] mptbase: ioc0: Initiating bringup
[    2.883065] e1000 0000:00:08.0 enp0s8: renamed from eth1
[    2.896198] e1000 0000:00:03.0 enp0s3: renamed from eth0
[    3.030762] ioc0: LSI53C1030 A0: Capabilities={Initiator}
[    5.209670] scsi host2: ioc0: LSI53C1030 A0, FwRev=00000000h, Ports=1, MaxQ=256, IRQ=20
[    7.313662] scsi 2:0:0:0: Direct-Access     VBOX     HARDDISK         1.0  PQ: 0 ANSI: 5
[    7.326487] scsi target2:0:0: Beginning Domain Validation
[    7.329370] scsi target2:0:0: Domain Validation skipping write tests
[    7.331138] scsi target2:0:0: Ending Domain Validation
[    7.332780] scsi target2:0:0: asynchronous
[    7.335701] scsi 2:0:1:0: Direct-Access     VBOX     HARDDISK         1.0  PQ: 0 ANSI: 5
[    7.337338] scsi target2:0:1: Beginning Domain Validation
[    7.339698] scsi target2:0:1: Domain Validation skipping write tests
[    7.342651] scsi target2:0:1: Ending Domain Validation
[    7.344382] scsi target2:0:1: asynchronous
[    7.365575] sd 2:0:0:0: Attached scsi generic sg0 type 0
[    7.368821] sd 2:0:0:0: [sda] 20971520 512-byte logical blocks: (10.7 GB/10.0 GiB)
[    7.371546] sd 2:0:1:0: Attached scsi generic sg1 type 0
[    7.374111] sd 2:0:1:0: [sdb] 20480 512-byte logical blocks: (10.5 MB/10.0 MiB)
[    7.376133] sd 2:0:0:0: [sda] Write Protect is off
[    7.377718] sd 2:0:1:0: [sdb] Write Protect is off
[    7.379747] sd 2:0:0:0: [sda] Incomplete mode parameter data
[    7.380886] sd 2:0:0:0: [sda] Assuming drive cache: write through
[    7.382609] sd 2:0:1:0: [sdb] Incomplete mode parameter data
[    7.384276] sd 2:0:1:0: [sdb] Assuming drive cache: write through
[    7.388072]  sda: sda1
[    7.390446] sd 2:0:0:0: [sda] Attached SCSI disk
[    7.392053] sd 2:0:1:0: [sdb] Attached SCSI disk
Begin: Loading essential drivers ... [    8.733111] md: linear personality registered for level -1
[    8.737121] md: multipath personality registered for level -4
[    8.741570] md: raid0 personality registered for level 0
[    8.746864] md: raid1 personality registered for level 1
[    8.820209] raid6: sse2x1   gen()  9261 MB/s
[    8.887156] raid6: sse2x1   xor()  3490 MB/s
[    8.955295] raid6: sse2x2   gen()  9197 MB/s
[    9.022980] raid6: sse2x2   xor()  6992 MB/s
[    9.090952] raid6: sse2x4   gen() 11982 MB/s
[    9.159096] raid6: sse2x4   xor()  8790 MB/s
[    9.226964] raid6: avx2x1   gen() 16836 MB/s
[    9.295859] raid6: avx2x2   gen() 19990 MB/s
[    9.362931] raid6: avx2x4   gen() 21959 MB/s
[    9.363967] raid6: using algorithm avx2x4 gen() 21959 MB/s
[    9.365486] raid6: using avx2x2 recovery algorithm
[    9.368188] xor: automatically using best checksumming function:
[    9.407387]    avx       : 27355.000 MB/sec
[    9.410105] async_tx: api initialized (async)
[    9.422479] md: raid6 personality registered for level 6
[    9.424035] md: raid5 personality registered for level 5
[    9.425686] md: raid4 personality registered for level 4
[    9.433796] md: raid10 personality registered for level 10
done.
Begin: Running /scripts/init-premount ... done.
Begin: Mounting root file system ... Begin: Running /scripts/local-top ... done.
Begin: Running /scripts/local-premount ... [    9.468036] Btrfs loaded
Scanning for Btrfs filesystems
done.
Warning: fsck not present, so skipping root file system
[    9.501437] EXT4-fs (sda1): mounted filesystem with ordered data mode. Opts: (null)
done.
Begin: Running /scripts/local-bottom ... done.
Begin: Running /scripts/init-bottom ... done.
[    9.603081] systemd[1]: systemd 229 running in system mode. (+PAM +AUDIT +SELINUX +IMA +APPARMOR +SMACK +SYSVINIT +UTMP +LIBCRYPTSETUP +GCRYPT +GNUTLS +ACL +XZ -LZ4 +SECCOMP +BLKID +ELFUTILS +KMOD -IDN)
[    9.607564] systemd[1]: Detected virtualization oracle.
[    9.609027] systemd[1]: Detected architecture x86-64.

Welcome to [1mUbuntu 16.04.6 LTS[0m!

[    9.615043] systemd[1]: Set hostname to <ubuntu>.
[    9.618980] systemd[1]: Initializing machine ID from random generator.
[    9.621069] systemd[1]: Installed transient /etc/machine-id file.
[    9.802220] systemd[1]: Listening on Device-mapper event daemon FIFOs.
[[0;32m  OK  [0m] Listening on Device-mapper event daemon FIFOs.
[    9.805080] systemd[1]: Listening on Journal Socket.
[[0;32m  OK  [0m] Listening on Journal Socket.
[    9.807602] systemd[1]: Created slice User and Session Slice.
[[0;32m  OK  [0m] Created slice User and Session Slice.
[    9.811440] systemd[1]: Reached target Encrypted Volumes.
[[0;32m  OK  [0m] Reached target Encrypted Volumes.
[    9.813439] systemd[1]: Listening on udev Kernel Socket.
[[0;32m  OK  [0m] Listening on udev Kernel Socket.
[    9.823963] systemd[1]: Listening on Journal Socket (/dev/log).
[[0;32m  OK  [0m] Listening on Journal Socket (/dev/log).
[    9.829165] systemd[1]: Listening on udev Control Socket.
[[0;32m  OK  [0m] Listening on udev Control Socket.
[    9.831502] systemd[1]: Listening on Journal Audit Socket.
[[0;32m  OK  [0m] Listening on Journal Audit Socket.
[    9.834878] systemd[1]: Listening on LVM2 poll daemon socket.
[[0;32m  OK  [0m] Listening on LVM2 poll daemon socket.
[    9.837731] systemd[1]: Listening on LVM2 metadata daemon socket.
[[0;32m  OK  [0m] Listening on LVM2 metadata daemon socket.
[    9.840303] systemd[1]: Started Trigger resolvconf update for networkd DNS.
[[0;32m  OK  [0m] Started Trigger resolvconf update for networkd DNS.
[    9.844929] systemd[1]: Reached target Swap.
[[0;32m  OK  [0m] Reached target Swap.
[    9.847384] systemd[1]: Started Forward Password Requests to Wall Directory Watch.
[[0;32m  OK  [0m] Started Forward Password Requests to Wall Directory Watch.
[    9.850920] systemd[1]: Listening on Syslog Socket.
[[0;32m  OK  [0m] Listening on Syslog Socket.
[    9.852943] systemd[1]: Reached target User and Group Name Lookups.
[[0;32m  OK  [0m] Reached target User and Group Name Lookups.
[    9.855857] systemd[1]: Listening on /dev/initctl Compatibility Named Pipe.
[[0;32m  OK  [0m] Listening on /dev/initctl Compatibility Named Pipe.
[    9.861432] systemd[1]: Reached target System Time Synchronized.
[[0;32m  OK  [0m] Reached target System Time Synchronized.
[    9.864319] systemd[1]: Set up automount Arbitrary Executable File Formats File System Automount Point.
[[0;32m  OK  [0m] Set up automount Arbitrary Executab...ats File System Automount Point.
[    9.868063] systemd[1]: Created slice System Slice.
[[0;32m  OK  [0m] Created slice System Slice.
[    9.883868] systemd[1]: Starting Monitoring of LVM2 mirrors, snapshots etc. using dmeventd or progress polling...
         Starting Monitoring of LVM2 mirrors... dmeventd or progress polling...
[    9.893953] systemd[1]: Starting Load Kernel Modules...
         Starting Load Kernel Modules...
[    9.898527] systemd[1]: Starting Journal Service...
         Starting Journal Service...
[    9.906209] systemd[1]: Starting Nameserver information manager...
         Starting Nameserver information manager...
[    9.917371] systemd[1]: Starting Set console keymap...
         Starting Set console keymap...
[    9.929088] systemd[1]: Starting Uncomplicated firewall...
         Starting Uncomplicated firewall...
[    9.940984] systemd[1]: Mounting POSIX Message Queue File System...
[    9.948037] Loading iSCSI transport class v2.0-870.
         Mounting POSIX Message Queue File System...
[    9.952510] systemd[1]: Starting Create list of required static device nodes for the current kernel...
         Starting Create list of required st... nodes for the current kernel...
[    9.965833] systemd[1]: Mounting Huge Pages File System...
         Mounting Huge Pages File System...
[    9.974532] systemd[1]: Created slice system-serial\x2dgetty.slice.
[[0;32m  OK  [0m] Created slice system-serial\x2dgetty.slice.
[    9.988362] systemd[1]: Mounting Debug File System...
         Mounting Debug File System...
[    9.998638] systemd[1]: Starting Remount Root and Kernel File Systems...
         Starting Remount Root and Kernel File Systems...
[   10.003658] systemd[1]: Reached target Slices.
[[0;32m  OK  [0m] Reached target Slices.
[   10.017939] systemd[1]: Mounted Huge Pages File System.
[   10.019174] EXT4-fs (sda1): re-mounted. Opts: (null)
[[0;32m  OK  [0m] Mounted Huge Pages File System.
[   10.026750] systemd[1]: Mounted Debug File System.
[[0;32m  OK  [0m] Mounted Debug File System.
[   10.031806] iscsi: registered transport (tcp)
[   10.039526] systemd[1]: Mounted POSIX Message Queue File System.
[[0;32m  OK  [0m] Mounted POSIX Message Queue File System.
[   10.054855] systemd[1]: Started Journal Service.
[[0;32m  OK  [0m] Started Journal Service.
[[0;32m  OK  [0m] Started Set console keymap.
[[0;32m  OK  [0m] Started Uncomplicated firewall.
[[0;32m  OK  [0m] Started Create list of required sta...ce nodes for the current kernel.
[[0;32m  OK  [0m] Started Remount Root and Kernel File Systems.
[[0;32m  OK  [0m] Started Nameserver information manager.
[[0;32m  OK  [0m] Started LVM2 metadata daemon.
[   10.119405] iscsi: registered transport (iser)
         Starting udev Coldplug all Devices...
         Starting Load/Save Random Seed...
         Starting Create Static Device Nodes in /dev...
         Starting Flush Journal to Persistent Storage...
[[0;32m  OK  [0m] Started Load Kernel Modules.
[[0;32m  OK  [0m] Started Load/Save Random Seed.
         Mounting FUSE Control File System...
         Starting Apply Kernel Variables...
[[0;32m  OK  [0m] Mounted FUSE Control File System.
[   10.188963] systemd-journald[371]: Received request to flush runtime journal from PID 1
[[0;32m  OK  [0m] Started Create Static Device Nodes in /dev.
[[0;32m  OK  [0m] Started Flush Journal to Persistent Storage.
         Starting udev Kernel Device Manager...
[[0;32m  OK  [0m] Started udev Coldplug all Devices.
[[0;32m  OK  [0m] Started Apply Kernel Variables.
[[0;32m  OK  [0m] Started udev Kernel Device Manager.
[[0;32m  OK  [0m] Started Dispatch Password Requests to Console Directory Watch.
[[0;32m  OK  [0m] Started Monitoring of LVM2 mirrors,...ng dmeventd or progress polling.
[[0;32m  OK  [0m] Reached target Local File Systems (Pre).
[[0;32m  OK  [0m] Reached target Local File Systems.
         Starting LSB: AppArmor initialization...
         Starting Set console font and keymap...
         Starting Commit a transient machine-id on disk...
         Starting Tell Plymouth To Write Out Runtime Data...
         Starting Create Volatile Files and Directories...
         Starting Initial cloud-init job (pre-networking)...
[[0;32m  OK  [0m] Started Create Volatile Files and Directories.
[[0;32m  OK  [0m] Started Tell Plymouth To Write Out Runtime Data.
[[0;32m  OK  [0m] Started Commit a transient machine-id on disk.
         Starting Update UTMP about System Boot/Shutdown...
[[0;32m  OK  [0m] Started Update UTMP about System Boot/Shutdown.
[[0;32m  OK  [0m] Found device /dev/ttyS0.
[[0;32m  OK  [0m] Listening on Load/Save RF Kill Switch Status /dev/rfkill Watch.
[[0;32m  OK  [0m] Started LSB: AppArmor initialization.
[   12.468148] cloud-init[504]: Cloud-init v. 19.4-33-gbb4131a2-0ubuntu1~16.04.1 running 'init-local' at Sun, 24 May 2020 07:01:27 +0000. Up 11.65 seconds.
[[0;32m  OK  [0m] Started Initial cloud-init job (pre-networking).
[[0;32m  OK  [0m] Reached target Network (Pre).
         Starting Raise network interfaces...
[[0;32m  OK  [0m] Started Set console font and keymap.
[[0;32m  OK  [0m] Created slice system-getty.slice.
[[0;32m  OK  [0m] Started Raise network interfaces.
[[0;32m  OK  [0m] Reached target Network.
         Starting Initial cloud-init job (metadata service crawler)...
[   14.164770] cloud-init[971]: Cloud-init v. 19.4-33-gbb4131a2-0ubuntu1~16.04.1 running 'init' at Sun, 24 May 2020 07:01:28 +0000. Up 13.28 seconds.
[   14.167765] cloud-init[971]: ci-info: ++++++++++++++++++++++++++++++++++++++Net device info+++++++++++++++++++++++++++++++++++++++
[   14.170460] cloud-init[971]: ci-info: +--------+-------+----------------------------+---------------+--------+-------------------+
[   14.180797] cloud-init[971]: ci-info: | Device |   Up  |          Address           |      Mask     | Scope  |     Hw-Address    |
[   14.182694] cloud-init[971]: ci-info: +--------+-------+----------------------------+---------------+--------+-------------------+
[   14.185061] cloud-init[971]: ci-info: | enp0s3 |  True |         10.0.2.15          | 255.255.255.0 | global | 02:bc:94:f1:bf:de |
[   14.186801] cloud-init[971]: ci-info: | enp0s3 |  True | fe80::bc:94ff:fef1:bfde/64 |       .       |  link  | 02:bc:94:f1:bf:de |
[   14.188579] cloud-init[971]: ci-info: | enp0s8 | False |             .              |       .       |   .    | 08:00:27:54:36:0a |
[   14.196932] cloud-init[971]: ci-info: |   lo   |  True |         127.0.0.1          |   255.0.0.0   |  host  |         .         |
[   14.199104] cloud-init[971]: ci-info: |   lo   |  True |          ::1/128           |       .       |  host  |         .         |
[   14.209078] cloud-init[971]: ci-info: +--------+-------+----------------------------+---------------+--------+-------------------+
[   14.210839] cloud-init[971]: ci-info: +++++++++++++++++++++++++++Route IPv4 info++++++++++++++++++++++++++++
[   14.212804] cloud-init[971]: ci-info: +-------+-------------+----------+---------------+-----------+-------+
[   14.220522] cloud-init[971]: ci-info: | Route | Destination | Gateway  |    Genmask    | Interface | Flags |
[   14.229126] cloud-init[971]: ci-info: +-------+-------------+----------+---------------+-----------+-------+
[   14.236428] [[0;32m  OK  [0m] Started Initial cloud-init job (metadata service crawler).
[[0;32m  OK  [0m] Reached target Network is Online.
cloud-init[971]: ci-info: |   0   |   0.0.0.0   | 10.0.2.2 |    0.0.0.0    |   enp0s3  |   UG  |
[   14.239620] cloud-init[971]: ci-info: |   1   |   10.0.2.0  | 0.0.0.0  | 255.255.255.0 |   enp0s3  |   U   |
[   14.249335]          Starting iSCSI initiator daemon (iscsid)...
[[0;32m  OK  [0m] Reached target System Initialization.
cloud-init[971]: ci-info: +-------+-------------+----------+---------------+-----------+-------+
[   14.253297]          Starting LXD - unix socket.
[[0;32m  OK  [0m] Started Message of the Day.
         Starting Socket activation for snappy daemon.
[[0;32m  OK  [0m] Started Daily Cleanup of Temporary Directories.
cloud-init[971]: ci-info: +++++++++++++++++++Route IPv6 info+++++++++++++++++++
[   14.259536] cloud-init[971]: ci-info: +-------+-------------+---------+-----------+-------+
[   14.261326] cloud-init[971]: ci-info: | Route | Destination | Gateway | Interface | Flags |
[[0;32m  OK  [0m] Started ACPI Events Check.
[[0;32m  OK  [0m] Reached target Paths.
[   14.264046] [[0;32m  OK  [0m] Listening on UUID daemon activation socket.
[[0;32m  OK  [0m] Listening on D-Bus System Message Bus Socket.
[[0;32m  OK  [0m] Listening on ACPID Listen Socket.
[[0;32m  OK  [0m] Started Daily apt download activities.
cloud-init[[0;32m  OK  [0m] Started Daily apt upgrade and clean activities.
[[0;32m  OK  [0m] Reached target Timers.
[[0;32m  OK  [0m] Reached target Cloud-config availability.
[[971]: [0;32m  OK  [0m] Listening on LXD - unix socket.
[[0;32m  OK  [0m] Listening on Socket activation for snappy daemon.
[[0;32m  OK  [0m] Reached target Sockets.
ci-info: +-------+-------------+---------+-----------+-------+
[[0;32m  OK  [0m] Reached target Basic System.
[   14.277225] cloud-init[[0;32m  OK  [0m] Started Deferred execution scheduler.
         Starting System Logging Service...
[971]: ci-info: |   0   |  fe80::/64  |    ::   |   enp0s3  |   U   |
         Starting LXD - container startup/shutdown...
[[0;32m  OK  [0m] Started Regular background program processing daemon.
[[0;32m  OK  [0m] Started FUSE filesystem for LXC.
         Starting /etc/rc.local Compatibility...
         Starting LSB: Record successful boot for GRUB...
         Starting Login Service...
         Starting Accounts Service...
[[0;32m  OK  [0m] Started D-Bus System Message Bus.
[   14.283173] cloud-init[971]: ci-info: |   3   |   ff00::/8  |    ::   |   enp0s3  |   U   |
[   14.326203] cloud-init[971]: ci-info: +-------+-------------+---------+-----------+-------+
[   14.340588] cloud-init[971]: Generating public/private rsa key pair.
[   14.342783] cloud-init[971]: Your identification has been saved in /etc/ssh/ssh_host_rsa_key.
[   14.345415] cloud-init[971]: Your public key has been saved in /etc/ssh/ssh_host_rsa_key.pub.
[   14.349277] cloud-init[971]: The key fingerprint is:
[   14.355777] cloud-init[971]: SHA256:GXWN8Iw4rSZFjLYePt7V0ffArPrY4mWy8A2lMzu3E8A root@ubuntu-xenial
[   14.358175] cloud-init[971]: The key's randomart image is:
[   14.361522] cloud-init[971]: +---[RSA 2048]----+
[   14.363238] cloud-init[971]: |       o. o..o   |
[   14.365153] cloud-init[971]: |      o..+ =. .  |
[   14.369555] cloud-init[971]: |     . .=.o o+   |
[   14.376688] cloud-init[971]: |      o. =E . = .|
[   14.379059] cloud-init[971]: |     o..S  o.o o.|
[   14.382813] cloud-init[971]: |      +o  .o+   .|
[   14.392502] cloud-init[971]: |     . o..*.o.   |
[   14.394441] cloud-init[971]: |      . .o+&o    |
[   14.395948] cloud-init[971]: |         .*==o   |
[   14.398019] cloud-init[971]: +----[SHA256]-----+
[   14.401539] cloud-init[971]: Generating public/private dsa key pair.
[   14.412808]          cloud-initStarting Pollinate to seed the pseudo random number generator...[971]: 
Your identification has been saved in /etc/ssh/ssh_host_dsa_key.
[   14.433305] cloud-init[971]: Your public key has been saved in /etc/ssh/ssh_host_dsa_key.pub.
         Starting LSB: MD monitoring daemon...
[   14.444200] cloud-init[971]: The key fingerprint is:
[   14.447473] cloud-init[971]: SHA256:h1iOZy+CVc67pFdjTrsBhhaV+QXqAav6HQxSJafplJE root@ubuntu-xenial
[[0;32m  OK  [0m] Started ACPI event daemon.
[   14.476803] cloud-init[971]: The key's randomart image is:
[   14.492414] cloud-init[971]: +---[DSA 1024]----+
         Starting Snappy daemon...
         Starting Virtualbox guest utils...
[   14.492848] cloud-init[971]: |    o.+ .o..     |
[[0;32m  OK  [0m] Started System Logging Service.
[[0;32m  OK  [0m] Started iSCSI initiator daemon (iscsid).
[[0;32m  OK  [0m] Started /etc/rc.local Compatibility.
[   14.541084] cloud-init[971]: |    EO +o.  .    |
[   14.678701] cloud-init[971]: |    * o =. .     |
[   14.719844] cloud-init[971]: |   + . % o.      |
[[0;32m  OK  [0m] Started Login Service.
[   14.775596] cloud-init[971]: |  . + * S .      |
[[0;32m  OK  [0m] Started Unattended Upgrades Shutdown.
[   14.862791] cloud-init[971]: |   o * + ==      |
[   14.878876] cloud-init[971]: |  . . + +=oo     |
         Starting Authenticate and Authorize Users to Run Privileged Tasks...
[   14.904276] cloud-init[971]: |   . . =.oo.     |
[   14.905014] cloud-init[971]: |    . o.. ..     |
[   14.905640] cloud-init[971]:          Starting Login to default iSCSI targets...
[[0;32m  OK  [0m] Started LSB: Record successful boot for GRUB.
[[0;32m  OK  [0m] Started LSB: MD monitoring daemon.
+----[SHA256]-----+
[[0;32m  OK  [0m] Started Login to default iSCSI targets.
[[0;32m  OK  [0m] Reached target Remote File Systems (Pre).
[[0;32m  OK  [0m] Reached target Remote File Systems.
[   14.959463] cloud-init[971]: Generating public/private ecdsa key pair.
[   14.974620] cloud-init[971]: Your identification has been saved in /etc/ssh/ssh_host_ecdsa_key.
[   14.976774] cloud-init[971]: Your public key has been saved in /etc/ssh/ssh_host_ecdsa_key.pub.
[   14.978358] cloud-init[971]: The key fingerprint is:
         Starting Permit User Sessions...
         Starting LSB: automatic crash report generation...
         Starting LSB: daemon to balance interrupts for SMP systems...
         Starting LSB: Set the CPU Frequency Scaling governor to "ondemand"...
[[0;32m  OK  [0m] Started LXD - container startup/shutdown.
[[0;32m  OK  [0m] Started Permit User Sessions.
[   15.005487] cloud-init[971]: SHA256:SRlsE+nhCNVhPjk34WXkqSo55+Wg4DyMOhSZPyAMTIo root@ubuntu-xenial
[   15.072716] cloud-init         Starting Terminate Plymouth Boot Screen...
         Starting Hold until boot process finishes up...
[[0;32m  OK  [0m] Started Terminate Plymouth Boot Screen.
[[0;32m  OK  [0m] Started Authenticate and Authorize Users to Run Privileged Tasks.
[[0;32m  OK  [0m] Started Accounts Service.
[971]: The key's randomart image is:
[   15.130110] cloud-init[971]: +---[ECDSA 256]---+
[   15.145564] [[0;32m  OK  [0m] Started Hold until boot process finishes up.
cloud-init[971]: |o.   ..o=+..+    |
[[0;32m  OK  [0m] Started Serial Getty on ttyS0.
[   15.186326] cloud-init[971]: |+.  .  oB= = .   |
[   15.197544] cloud-init[971]: |E o  . =Bo+ o    |
[   15.206692] cloud-init[971]: |.*    ..o= o     |
[   15.208686] cloud-init[971]: |. +     S .      |
[   15.219023] cloud-init[971]: | . o   . .       |
         Starting Set console scheme...
[[0;32m  OK  [0m] Started Getty on tty1.
[[0;32m  OK  [0m] Reached target Login Prompts.
[[0;32m  OK  [0m] Started LSB: Set the CPU Frequency Scaling governor to "ondemand".
[   15.223718] cloud-init[971]: |.  oo + + .      |
[[0;32m  OK  [0m] Started LSB: daemon to balance interrupts for SMP systems.
[[0;32m  OK  [0m] Started Set console scheme.
[   15.243715] cloud-init[971]: |. .oo. * +       |
[   15.249155] cloud-init[971]: |.o  o.. . .      |
[   15.271360] cloud-init[971]: +----[SHA256]-----+
[   15.293257] cloud-init[971]: Generating public/private ed25519 key pair.
[   15.295906] cloud-init[971]: Your identification has been saved in /etc/ssh/ssh_host_ed25519_key.
[[0;32m  OK  [0m] Started LSB: automatic crash report generation.
[   15.310180] cloud-init[971]: Your public key has been saved in /etc/ssh/ssh_host_ed25519_key.pub.
[   15.313961] cloud-init[971]: The key fingerprint is:
[   15.337591] cloud-init[971]: SHA256:RFMudf+dQBpyz+exOLGrW2PxnGq/aFv6rlvjE+WULgI root@ubuntu-xenial
[   15.340491] cloud-init[971]: The key's randomart image is:
[   15.355342] cloud-init[971]: +--[ED25519 256]--+
[   15.357979] [[0;32m  OK  [0m] Started Virtualbox guest utils.
cloud-init[971]: |        oooo..   |
[   15.363142] cloud-init[971]: |       . +o.*.   |
[   15.380618] cloud-init[971]: |        o .. =.o.|
[   15.399367] cloud-init[971]: |       . E    BoB|
[   15.412341] cloud-init[971]: |        S .  =.*+|
[   15.417688] cloud-init[971]: |           . .*oo|
[   15.426765] cloud-init[971]: |            .=.B.|
[   15.437135] cloud-init[971]: |            +oO..|
[   15.446803] cloud-init[971]: |           o+BB*o|
[   15.461015] cloud-init[971]: +----[SHA256]-----+
[[0;32m  OK  [0m] Started Snappy daemon.
         Starting Wait until snapd is fully seeded...
[[0;32m  OK  [0m] Started Pollinate to seed the pseudo random number generator.
         Starting OpenBSD Secure Shell server...
[[0;32m  OK  [0m] Started OpenBSD Secure Shell server.
[[0;32m  OK  [0m] Created slice User Slice of vagrant.
         Starting User Manager for UID 1000...
[[0;32m  OK  [0m] Started Session 1 of user vagrant.
[[0;32m  OK  [0m] Started User Manager for UID 1000.

Ubuntu 16.04.6 LTS ubuntu-xenial ttyS0

ubuntu-xenial login: [   28.147184] cloud-init[2024]: Generating locales (this might take a while)...
[   29.085602] cloud-init[2024]:   en_US.UTF-8... done
[   29.087138] cloud-init[2024]: Generation complete.
[   29.377413] cloud-init[2024]: Cloud-init v. 19.4-33-gbb4131a2-0ubuntu1~16.04.1 running 'modules:config' at Sun, 24 May 2020 07:01:43 +0000. Up 27.99 seconds.
ci-info: no authorized SSH keys fingerprints found for user ubuntu.
<14>May 24 07:01:45 ec2: 
<14>May 24 07:01:45 ec2: #############################################################
<14>May 24 07:01:45 ec2: -----BEGIN SSH HOST KEY FINGERPRINTS-----
<14>May 24 07:01:45 ec2: 1024 SHA256:h1iOZy+CVc67pFdjTrsBhhaV+QXqAav6HQxSJafplJE root@ubuntu-xenial (DSA)
<14>May 24 07:01:45 ec2: 256 SHA256:SRlsE+nhCNVhPjk34WXkqSo55+Wg4DyMOhSZPyAMTIo root@ubuntu-xenial (ECDSA)
<14>May 24 07:01:45 ec2: 256 SHA256:RFMudf+dQBpyz+exOLGrW2PxnGq/aFv6rlvjE+WULgI root@ubuntu-xenial (ED25519)
<14>May 24 07:01:45 ec2: 2048 SHA256:GXWN8Iw4rSZFjLYePt7V0ffArPrY4mWy8A2lMzu3E8A root@ubuntu-xenial (RSA)
<14>May 24 07:01:45 ec2: -----END SSH HOST KEY FINGERPRINTS-----
<14>May 24 07:01:45 ec2: #############################################################
-----BEGIN SSH HOST KEY KEYS-----
ecdsa-sha2-nistp256 AAAAE2VjZHNhLXNoYTItbmlzdHAyNTYAAAAIbmlzdHAyNTYAAABBBLJbWWIky44YDfRSMzEv7/dVlsStdMCochcNB+9kg291Zwe+YifSrOTPs4aYkizmotoEl6WS5or1STSWGqXSGkY= root@ubuntu-xenial
ssh-ed25519 AAAAC3NzaC1lZDI1NTE5AAAAIC0uKfeo1hG+y/l1/f5c/G5sTrZELUUgiWTtWgjAt9TK root@ubuntu-xenial
ssh-rsa AAAAB3NzaC1yc2EAAAADAQABAAABAQCp3c4u+8IQ4WfGeBB2y/yq8JwMJlfdLI+8w8xjpp8Yv64j/B8N0O2bMqraHQL9c5/wH1lc3AYolLLyYKSmN/44W7hTPseC1etrnV+8xHFmQcrVAK/j/4qYGSIpkt44G1nis4sKv3B9s3qGBUYXsNUZaXYG0hEOeie3iN+MgEHme4x0Jy8e7XxoVzkB30TdRapPlHIvrmuON+miiPim98Ua0ZDlWqyzvnW2BNZJJmRDJNHtNs/VjBqgMLxcVyRQUg+v7rb2BN7VGYUtZ3GfvSBnvSdb/RcPZgczftJAjjzIyYDbUPVilBdZOEDr2NPTAiSrGW4juk5vXMcF42QIOJoD root@ubuntu-xenial
-----END SSH HOST KEY KEYS-----
[   29.890007] cloud-init[2108]: Cloud-init v. 19.4-33-gbb4131a2-0ubuntu1~16.04.1 running 'modules:final' at Sun, 24 May 2020 07:01:45 +0000. Up 29.73 seconds.
[   29.890482] cloud-init[2108]: ci-info: no authorized SSH keys fingerprints found for user ubuntu.
[   29.892553] cloud-init[2108]: Cloud-init v. 19.4-33-gbb4131a2-0ubuntu1~16.04.1 finished at Sun, 24 May 2020 07:01:45 +0000. Datasource DataSourceNoCloud [seed=/dev/sdb][dsmode=net].  Up 29.88 seconds
